{
  "stats": {
    "suites": 1,
    "tests": 1,
    "passes": 0,
    "pending": 0,
    "failures": 1,
    "start": "2021-06-29T13:03:31.794Z",
    "end": "2021-06-29T13:03:33.330Z",
    "duration": 1536,
    "testsRegistered": 1,
    "passPercent": 0,
    "pendingPercent": 0,
    "other": 0,
    "hasOther": false,
    "skipped": 0,
    "hasSkipped": false
  },
  "results": [
    {
      "uuid": "f4716669-f754-48e9-8bc2-4980d6e380c8",
      "title": "",
      "fullFile": "cypress/integration/Demotest/Percyscreenshot.js",
      "file": "cypress/integration/Demotest/Percyscreenshot.js",
      "beforeHooks": [],
      "afterHooks": [],
      "tests": [],
      "suites": [
        {
          "uuid": "3a67736f-911c-4b93-91e2-b84c55b463a2",
          "title": "AS Report Test",
          "fullFile": "",
          "file": "",
          "beforeHooks": [],
          "afterHooks": [],
          "tests": [
            {
              "title": "My first test case",
              "fullTitle": "AS Report Test My first test case",
              "timedOut": null,
              "duration": 1038,
              "state": "failed",
              "speed": null,
              "pass": false,
              "fail": true,
              "pending": false,
              "context": null,
              "code": "cy.percySnapshot(star);\ncy.visit(Cypress.env('url1'));\ncy.get('#E-mail').type('satish.kumar@rategain.com');\ncy.get('#Password').type('Changeme@123');\ncy.wait(2000);\ncy.get('.submit').click();\ncy.get(':nth-child(3) > .thumbnail > .caption > .overview-head > .client-name-container > a').click();\ncy.get('.clientview-sidebar--inner > ul > :nth-child(4) > a > img').click();\ncy.get('.Reports__CardsOrPresetsDropdown__Wrapper > [data-testid=common-select-dropdown] > [data-testid=SelectToggleDropdownOpen] > .display').click();\ncy.get(':nth-child(8) > .Reports__PresetButton__Addon > .fa').click();\ncy.wait(10000);\ncy.get('.Reports__ReportCard__ReportRenderer').then(function (element) {\n  const actualtext = element.text();\n  cy.log(actualtext);\n  expect(actualtext).to.not.equal('Sad Panda');\n  cy.percySnapshot(end);\n});",
              "err": {
                "message": "ReferenceError: star is not defined",
                "estack": "ReferenceError: star is not defined\n    at Context.eval (https://bcv.social/__cypress/tests?p=cypress\\integration\\Demotest\\Percyscreenshot.js:104:22)",
                "diff": null
              },
              "uuid": "aa501eff-819b-4f98-90ce-9a5f643505f5",
              "parentUUID": "3a67736f-911c-4b93-91e2-b84c55b463a2",
              "isHook": false,
              "skipped": false
            }
          ],
          "suites": [],
          "passes": [],
          "failures": [
            "aa501eff-819b-4f98-90ce-9a5f643505f5"
          ],
          "pending": [],
          "skipped": [],
          "duration": 1038,
          "root": false,
          "rootEmpty": false,
          "_timeout": 2000
        }
      ],
      "passes": [],
      "failures": [],
      "pending": [],
      "skipped": [],
      "duration": 0,
      "root": true,
      "rootEmpty": true,
      "_timeout": 2000
    }
  ],
  "meta": {
    "mocha": {
      "version": "7.0.1"
    },
    "mochawesome": {
      "options": {
        "quiet": false,
        "reportFilename": "mochawesome",
        "saveHtml": true,
        "saveJson": true,
        "consoleReporter": "spec",
        "useInlineDiffs": false,
        "code": true
      },
      "version": "6.2.2"
    },
    "marge": {
      "options": null,
      "version": "5.2.0"
    }
  }
}