{
  "stats": {
    "suites": 1,
    "tests": 1,
    "passes": 0,
    "pending": 0,
    "failures": 1,
    "start": "2021-06-23T13:28:31.525Z",
    "end": "2021-06-23T13:29:20.133Z",
    "duration": 48608,
    "testsRegistered": 1,
    "passPercent": 0,
    "pendingPercent": 0,
    "other": 0,
    "hasOther": false,
    "skipped": 0,
    "hasSkipped": false
  },
  "results": [
    {
      "uuid": "4f10fc87-9346-4409-bc64-d01d67d42da1",
      "title": "",
      "fullFile": "cypress/integration/Demotest/MyDemoASSadPanda.js",
      "file": "cypress/integration/Demotest/MyDemoASSadPanda.js",
      "beforeHooks": [],
      "afterHooks": [],
      "tests": [],
      "suites": [
        {
          "uuid": "a3913afa-fa51-4c72-ab13-97a8fdcb1582",
          "title": "Sad Panda test case",
          "fullFile": "",
          "file": "",
          "beforeHooks": [],
          "afterHooks": [],
          "tests": [
            {
              "title": "My first test case",
              "fullTitle": "Sad Panda test case My first test case",
              "timedOut": null,
              "duration": 40323,
              "state": "failed",
              "speed": null,
              "pass": false,
              "fail": true,
              "pending": false,
              "context": null,
              "code": "cy.visit(Cypress.env('url1'));\ncy.get('#E-mail').type('satish.kumar@rategain.com');\ncy.get('#Password').type(Pass);\ncy.wait(2000);\ncy.get('.submit').click();\ncy.get('[data-testid=test-search-input]').type('Hotel Ramtin');\ncy.wait(5000);\ncy.get('.client-name-container > a').click();\ncy.get('.clientview-sidebar--inner > ul > :nth-child(4) > a > img').click();\ncy.get('.Reports__CardsOrPresetsDropdown__Wrapper > [data-testid=common-select-dropdown] > [data-testid=SelectToggleDropdownOpen] > .display').click();\ncy.get(':nth-child(5) > .Reports__PresetButton__Addon > .fa').click();\ncy.wait(10000);\ncy.get('.Reports__ReportsGroup__Container > :nth-child(1)').then(function (element) {\n  const actualtext = element.text();\n  cy.log(actualtext);\n  expect(actualtext).not.contains('Sad Panda');\n});",
              "err": {
                "message": "AssertionError: expected ' | Facebook Demographics: Total FanbaseSad PandaNo data available in this report!' to not include 'Sad Panda'",
                "estack": "AssertionError: expected ' | Facebook Demographics: Total FanbaseSad PandaNo data available in this report!' to not include 'Sad Panda'\n    at Context.eval (https://bcv.social/__cypress/tests?p=cypress\\integration\\Demotest\\MyDemoASSadPanda.js:134:32)",
                "diff": null
              },
              "uuid": "9c5e5ad9-6d79-4136-83a6-1ec64dde1a11",
              "parentUUID": "a3913afa-fa51-4c72-ab13-97a8fdcb1582",
              "isHook": false,
              "skipped": false
            }
          ],
          "suites": [],
          "passes": [],
          "failures": [
            "9c5e5ad9-6d79-4136-83a6-1ec64dde1a11"
          ],
          "pending": [],
          "skipped": [],
          "duration": 40323,
          "root": false,
          "rootEmpty": false,
          "_timeout": 2000
        }
      ],
      "passes": [],
      "failures": [],
      "pending": [],
      "skipped": [],
      "duration": 0,
      "root": true,
      "rootEmpty": true,
      "_timeout": 2000
    }
  ],
  "meta": {
    "mocha": {
      "version": "7.0.1"
    },
    "mochawesome": {
      "options": {
        "quiet": false,
        "reportFilename": "mochawesome",
        "saveHtml": true,
        "saveJson": true,
        "consoleReporter": "spec",
        "useInlineDiffs": false,
        "code": true
      },
      "version": "6.2.2"
    },
    "marge": {
      "options": null,
      "version": "5.2.0"
    }
  }
}